2025-06-23 18:01:38,897 - INFO - Use pytorch device_name: cpu
2025-06-23 18:01:38,897 - INFO - Load pretrained SentenceTransformer: all-MiniLM-L6-v2
2025-06-23 18:01:42,403 - INFO - ==== Starting Embedding Generation Process ====
2025-06-23 18:01:42,404 - INFO - Connecting to the PostgreSQL database...
2025-06-23 18:01:43,531 - INFO - Connection successful.
2025-06-23 18:01:44,405 - INFO - Fetched 29 rows without embeddings.
2025-06-23 18:01:44,405 - INFO - Generating embedding for ID 1775...
2025-06-23 18:01:44,796 - INFO -  Stored embedding for ID: 1775
2025-06-23 18:01:44,796 - INFO - Generating embedding for ID 1779...
2025-06-23 18:01:45,097 - INFO -  Stored embedding for ID: 1779
2025-06-23 18:01:45,097 - INFO - Generating embedding for ID 1763...
2025-06-23 18:01:45,365 - INFO -  Stored embedding for ID: 1763
2025-06-23 18:01:45,365 - INFO - Generating embedding for ID 1768...
2025-06-23 18:01:45,625 - INFO -  Stored embedding for ID: 1768
2025-06-23 18:01:45,625 - INFO - Generating embedding for ID 1774...
2025-06-23 18:01:45,882 - INFO -  Stored embedding for ID: 1774
2025-06-23 18:01:45,882 - INFO - Generating embedding for ID 1771...
2025-06-23 18:01:46,142 - INFO -  Stored embedding for ID: 1771
2025-06-23 18:01:46,143 - INFO - Generating embedding for ID 1755...
2025-06-23 18:01:46,399 - INFO -  Stored embedding for ID: 1755
2025-06-23 18:01:46,399 - INFO - Generating embedding for ID 1758...
2025-06-23 18:01:46,658 - INFO -  Stored embedding for ID: 1758
2025-06-23 18:01:46,658 - INFO - Generating embedding for ID 1760...
2025-06-23 18:01:46,911 - INFO -  Stored embedding for ID: 1760
2025-06-23 18:01:46,911 - INFO - Generating embedding for ID 1753...
2025-06-23 18:01:47,167 - INFO -  Stored embedding for ID: 1753
2025-06-23 18:01:47,167 - INFO - Generating embedding for ID 1767...
2025-06-23 18:01:47,427 - INFO -  Stored embedding for ID: 1767
2025-06-23 18:01:47,427 - INFO - Generating embedding for ID 1769...
2025-06-23 18:01:47,681 - INFO -  Stored embedding for ID: 1769
2025-06-23 18:01:47,681 - INFO - Generating embedding for ID 1772...
2025-06-23 18:01:47,943 - INFO -  Stored embedding for ID: 1772
2025-06-23 18:01:47,943 - INFO - Generating embedding for ID 1765...
2025-06-23 18:01:48,197 - INFO -  Stored embedding for ID: 1765
2025-06-23 18:01:48,197 - INFO - Generating embedding for ID 1773...
2025-06-23 18:01:48,453 - INFO -  Stored embedding for ID: 1773
2025-06-23 18:01:48,453 - INFO - Generating embedding for ID 1761...
2025-06-23 18:01:48,714 - INFO -  Stored embedding for ID: 1761
2025-06-23 18:01:48,714 - INFO - Generating embedding for ID 1770...
2025-06-23 18:01:48,975 - INFO -  Stored embedding for ID: 1770
2025-06-23 18:01:48,976 - INFO - Generating embedding for ID 1759...
2025-06-23 18:01:49,232 - INFO -  Stored embedding for ID: 1759
2025-06-23 18:01:49,232 - INFO - Generating embedding for ID 1764...
2025-06-23 18:01:49,494 - INFO -  Stored embedding for ID: 1764
2025-06-23 18:01:49,494 - INFO - Generating embedding for ID 1766...
2025-06-23 18:01:49,749 - INFO -  Stored embedding for ID: 1766
2025-06-23 18:01:49,749 - INFO - Generating embedding for ID 1754...
2025-06-23 18:01:50,013 - INFO -  Stored embedding for ID: 1754
2025-06-23 18:01:50,013 - INFO - Generating embedding for ID 1756...
2025-06-23 18:01:50,272 - INFO -  Stored embedding for ID: 1756
2025-06-23 18:01:50,273 - INFO - Generating embedding for ID 1777...
2025-06-23 18:01:50,533 - INFO -  Stored embedding for ID: 1777
2025-06-23 18:01:50,533 - INFO - Generating embedding for ID 1778...
2025-06-23 18:01:50,795 - INFO -  Stored embedding for ID: 1778
2025-06-23 18:01:50,795 - INFO - Generating embedding for ID 1751...
2025-06-23 18:01:51,052 - INFO -  Stored embedding for ID: 1751
2025-06-23 18:01:51,052 - INFO - Generating embedding for ID 1776...
2025-06-23 18:01:51,307 - INFO -  Stored embedding for ID: 1776
2025-06-23 18:01:51,307 - INFO - Generating embedding for ID 1762...
2025-06-23 18:01:51,562 - INFO -  Stored embedding for ID: 1762
2025-06-23 18:01:51,562 - INFO - Generating embedding for ID 1752...
2025-06-23 18:01:51,817 - INFO -  Stored embedding for ID: 1752
2025-06-23 18:01:51,819 - INFO - Generating embedding for ID 1757...
2025-06-23 18:01:52,094 - INFO -  Stored embedding for ID: 1757
2025-06-23 18:01:52,313 - INFO - All embeddings committed to the database.
2025-06-23 18:01:52,313 - INFO - Database connection closed.
2025-06-23 18:01:52,314 - INFO - ==== Process completed in 0:00:09.911209 ====
